<?xml version="1.0" encoding="UTF-8"?>
<!-- Generated by org.testng.reporters.JUnitReportReporter -->
<testsuite hostname="LAPTOP-981QNBKH" failures="1" tests="5" name="cucumberOptions.TestRunner" time="128.840" errors="0" timestamp="2022-12-04T20:35:37 IST" skipped="0">
  <testcase classname="cucumberOptions.TestRunner" name="runScenario" time="25.383">
    <failure message="expected [Beetroot] but found [No data]" type="java.lang.AssertionError">
      <![CDATA[java.lang.AssertionError: expected [Beetroot] but found [No data]
at org.testng.Assert.fail(Assert.java:110)
at org.testng.Assert.failNotEquals(Assert.java:1413)
at org.testng.Assert.assertEqualsImpl(Assert.java:149)
at org.testng.Assert.assertEquals(Assert.java:131)
at org.testng.Assert.assertEquals(Assert.java:655)
at org.testng.Assert.assertEquals(Assert.java:665)
at stepDefinitions.GreenKartOffersPage.validate_product_name_in_offers_page_matches_with_product_name_in_landing_page(GreenKartOffersPage.java:39)
at ✽.validate product name in offers page matches with product name in landing page(file:///C:/Users/kosan/eclipse-workspace/CucumberFramework-TestNG/src/test/java/features/searchProduct.feature:9)
]]>
    </failure>
  </testcase> <!-- runScenario -->
  <system-out/>
  <testcase classname="cucumberOptions.TestRunner" name="runScenario" time="25.277"/>
  <system-out/>
  <testcase classname="cucumberOptions.TestRunner" name="runScenario" time="27.052"/>
  <system-out/>
  <testcase classname="cucumberOptions.TestRunner" name="runScenario" time="25.588"/>
  <system-out/>
  <testcase classname="cucumberOptions.TestRunner" name="runScenario" time="25.540"/>
  <system-out/>
</testsuite> <!-- cucumberOptions.TestRunner -->
